<?xml version="1.0" encoding="UTF-8"?>
<!-- Generated by org.testng.reporters.JUnitXMLReporter -->
<testsuite ignored="0" hostname="AYUSH26F3GL3" failures="0" tests="2" name="Default test" time="38.936" errors="0" timestamp="2025-07-08T04:00:31 IST">
  <testcase classname="com.homestore.ui.tests.UITests" name="testAddItemsAndCheckoutPaymentError" time="15.412"/>
  <testcase classname="com.homestore.ui.tests.UITests" name="testAddItemsFromHomeAndUpdateCart" time="14.902"/>
</testsuite> <!-- Default test -->
